mktextfm Yas/ICU
mktextfm Yas/ICU
mktextfm Yas/ICU
mktextfm Yas/ICU
mktextfm Yas
mktextfm Yas
mktextfm Yas
mktextfm Yas
mktextfm Yas
mktextfm 34pt
mktextfm IRNazanin/OT
mktextfm IRNazanin/OT
mktextfm IRNazanin/OT
mktextfm IRNazanin/BI/OT
mktextfm IRNazanin/OT
mktextfm IRNazanin/B/OT
mktextfm IRNazanin/OT
mktextfm IRNazanin/I/OT
mktextfm IRNazanin/OT
mktextfm IRNazanin/OT
mktextfm IRNazanin/OT
mktextfm IRNazanin/OT
mktextfm IRNazanin/OT
mktextfm IRNazanin/OT
mktextfm IRNazanin/OT
mktextfm IRNazanin/OT
mktextfm IRNazanin/OT
mktextfm IRNazanin/OT
mktextfm IRNazanin/OT
mktextfm IRNazanin/OT
mktextfm IRNazanin/OT
mktextfm IRNazanin/OT
